<?xml version="1.0" encoding="UTF-8"?>
<!-- Generated by org.testng.reporters.JUnitReportReporter -->
<testsuite hostname="LAPTOP-EGPSQIKQ" failures="0" tests="2" name="Facebook.Test1" time="0.013" errors="0" timestamp="2023-01-13T14:19:04 IST" skipped="0">
  <testcase classname="Facebook.Test1" name="login" time="0.011"/>
  <system-out/>
  <testcase classname="Facebook.Test1" name="logout" time="0.002"/>
  <system-out/>
</testsuite> <!-- Facebook.Test1 -->
