<?xml version="1.0" encoding="UTF-8"?>
<!-- Generated by org.testng.reporters.JUnitReportReporter -->
<testsuite hostname="LAPTOP-EGPSQIKQ" failures="0" tests="1" name="gmail01.he" time="4.224" errors="0" timestamp="2022-12-22T14:03:00 IST" skipped="0">
  <testcase classname="gmail01.he" name="setup" time="4.224"/>
  <system-out/>
</testsuite> <!-- gmail01.he -->
